<?xml version="1.0" encoding="UTF-8"?>
<testsuite xmlns:xsi="http://www.w3.org/2001/XMLSchema-instance" xsi:noNamespaceSchemaLocation="https://maven.apache.org/surefire/maven-surefire-plugin/xsd/surefire-test-report.xsd" version="3.0.2" name="com.docappts.PractitionerMS.PractitionerMsApplicationTests" time="17.647" tests="1" errors="0" skipped="0" failures="0">
  <properties>
[...]
</properties>
  <testcase name="contextLoads" classname="com.docappts.PractitionerMS.PractitionerMsApplicationTests" time="0.847">
    <system-out><![CDATA[Standard Commons Logging discovery in action with spring-jcl: please remove commons-logging.jar from classpath in order to avoid potential conflicts
13:26:47.275 [main] INFO org.springframework.test.context.support.AnnotationConfigContextLoaderUtils -- Could not detect default configuration classes for test class [com.docappts.PractitionerMS.PractitionerMsApplicationTests]: PractitionerMsApplicationTests does not declare any static, non-private, non-final, nested classes annotated with @Configuration.
13:26:47.475 [main] INFO org.springframework.boot.test.context.SpringBootTestContextBootstrapper -- Found @SpringBootConfiguration com.docappts.PractitionerMS.PractitionerMsApplication for test class com.docappts.PractitionerMS.PractitionerMsApplicationTests

  .   ____          _            __ _ _
 /\\ / ___'_ __ _ _(_)_ __  __ _ \ \ \ \
( ( )\___ | '_ | '_| | '_ \/ _` | \ \ \ \
 \\/  ___)| |_)| | | | | || (_| |  ) ) ) )
  '  |____| .__|_| |_|_| |_\__, | / / / /
 =========|_|==============|___/=/_/_/_/

 :: Spring Boot ::                (v3.4.3)

2025-07-04T13:26:52.417+10:00  INFO 17400 --- [PractitionerMS] [           main] b.c.PropertySourceBootstrapConfiguration : Located property source: [BootstrapPropertySource {name='bootstrapProperties-config/config/PractitionerMS/'}, BootstrapPropertySource {name='bootstrapProperties-config/application/'}]
2025-07-04T13:26:52.458+10:00  INFO 17400 --- [PractitionerMS] [           main] c.d.P.PractitionerMsApplicationTests     : No active profile set, falling back to 1 default profile: "default"
2025-07-04T13:26:54.040+10:00  INFO 17400 --- [PractitionerMS] [           main] .s.d.r.c.RepositoryConfigurationDelegate : Bootstrapping Spring Data JPA repositories in DEFAULT mode.
2025-07-04T13:26:54.390+10:00  INFO 17400 --- [PractitionerMS] [           main] .s.d.r.c.RepositoryConfigurationDelegate : Finished Spring Data repository scanning in 320 ms. Found 2 JPA repository interfaces.
2025-07-04T13:26:55.150+10:00  INFO 17400 --- [PractitionerMS] [           main] faultConfiguringBeanFactoryPostProcessor : No bean named 'errorChannel' has been explicitly defined. Therefore, a default PublishSubscribeChannel will be created.
2025-07-04T13:26:55.175+10:00  INFO 17400 --- [PractitionerMS] [           main] faultConfiguringBeanFactoryPostProcessor : No bean named 'integrationHeaderChannelRegistry' has been explicitly defined. Therefore, a default DefaultHeaderChannelRegistry will be created.
2025-07-04T13:26:55.390+10:00  INFO 17400 --- [PractitionerMS] [           main] o.s.cloud.context.scope.GenericScope     : BeanFactory id=6639487e-5b9c-30be-9f26-51ee6962ba5a
2025-07-04T13:26:56.073+10:00  INFO 17400 --- [PractitionerMS] [           main] o.hibernate.jpa.internal.util.LogHelper  : HHH000204: Processing PersistenceUnitInfo [name: default]
2025-07-04T13:26:56.164+10:00  INFO 17400 --- [PractitionerMS] [           main] org.hibernate.Version                    : HHH000412: Hibernate ORM core version 6.6.8.Final
2025-07-04T13:26:56.227+10:00  INFO 17400 --- [PractitionerMS] [           main] o.h.c.internal.RegionFactoryInitiator    : HHH000026: Second-level cache disabled
2025-07-04T13:26:56.720+10:00  INFO 17400 --- [PractitionerMS] [           main] o.s.o.j.p.SpringPersistenceUnitInfo      : No LoadTimeWeaver setup: ignoring JPA class transformer
2025-07-04T13:26:56.795+10:00  INFO 17400 --- [PractitionerMS] [           main] com.zaxxer.hikari.HikariDataSource       : HikariPool-1 - Starting...
2025-07-04T13:26:56.800+10:00  WARN 17400 --- [PractitionerMS] [           main] c.zaxxer.hikari.util.DriverDataSource    : Registered driver with driverClassName=com.mysql.jdbc.Driver was not found, trying direct instantiation.
2025-07-04T13:26:57.422+10:00  INFO 17400 --- [PractitionerMS] [           main] com.zaxxer.hikari.pool.HikariPool        : HikariPool-1 - Added connection com.mysql.cj.jdbc.ConnectionImpl@6a95c2f6
2025-07-04T13:26:57.425+10:00  INFO 17400 --- [PractitionerMS] [           main] com.zaxxer.hikari.HikariDataSource       : HikariPool-1 - Start completed.
2025-07-04T13:26:57.615+10:00  INFO 17400 --- [PractitionerMS] [           main] org.hibernate.orm.connections.pooling    : HHH10001005: Database info:
	Database JDBC URL [Connecting through datasource 'HikariDataSource (HikariPool-1)']
	Database driver: undefined/unknown
	Database version: 8.0.34
	Autocommit mode: undefined/unknown
	Isolation level: undefined/unknown
	Minimum pool size: undefined/unknown
	Maximum pool size: undefined/unknown
2025-07-04T13:26:59.012+10:00  INFO 17400 --- [PractitionerMS] [           main] o.h.e.t.j.p.i.JtaPlatformInitiator       : HHH000489: No JTA platform available (set 'hibernate.transaction.jta.platform' to enable JTA platform integration)
2025-07-04T13:26:59.085+10:00  INFO 17400 --- [PractitionerMS] [           main] j.LocalContainerEntityManagerFactoryBean : Initialized JPA EntityManagerFactory for persistence unit 'default'
2025-07-04T13:27:00.025+10:00  WARN 17400 --- [PractitionerMS] [           main] JpaBaseConfiguration$JpaWebConfiguration : spring.jpa.open-in-view is enabled by default. Therefore, database queries may be performed during view rendering. Explicitly configure spring.jpa.open-in-view to disable this warning
2025-07-04T13:27:00.110+10:00  WARN 17400 --- [PractitionerMS] [           main] .s.s.UserDetailsServiceAutoConfiguration : 

Using generated security password: 9b1ab8e5-49d1-403e-8e9f-001b9cf7f88d

This generated password is for development use only. Your security configuration must be updated before running your application in production.

2025-07-04T13:27:00.190+10:00  INFO 17400 --- [PractitionerMS] [           main] r$InitializeUserDetailsManagerConfigurer : Global AuthenticationManager configured with UserDetailsService bean with name inMemoryUserDetailsManager
2025-07-04T13:27:01.154+10:00  INFO 17400 --- [PractitionerMS] [           main] o.s.s.w.a.c.ChannelProcessingFilter      : Validated configuration attributes
2025-07-04T13:27:02.836+10:00  WARN 17400 --- [PractitionerMS] [           main] iguration$LoadBalancerCaffeineWarnLogger : Spring Cloud LoadBalancer is currently working with the default cache. While this cache implementation is useful for development and tests, it's recommended to use Caffeine cache in production.You can switch to using Caffeine cache, by adding it and org.springframework.cache.caffeine.CaffeineCacheManager to the classpath.
2025-07-04T13:27:03.104+10:00  INFO 17400 --- [PractitionerMS] [           main] o.s.c.s.m.DirectWithAttributesChannel    : Channel 'PractitionerMS-1.springCloudBusInput' has 1 subscriber(s).
2025-07-04T13:27:03.373+10:00  INFO 17400 --- [PractitionerMS] [           main] o.s.i.endpoint.EventDrivenConsumer       : Adding {logging-channel-adapter:_org.springframework.integration.errorLogger} as a subscriber to the 'errorChannel' channel
2025-07-04T13:27:03.373+10:00  INFO 17400 --- [PractitionerMS] [           main] o.s.i.channel.PublishSubscribeChannel    : Channel 'PractitionerMS-1.errorChannel' has 1 subscriber(s).
2025-07-04T13:27:03.375+10:00  INFO 17400 --- [PractitionerMS] [           main] o.s.i.endpoint.EventDrivenConsumer       : started bean '_org.springframework.integration.errorLogger'
2025-07-04T13:27:03.380+10:00  INFO 17400 --- [PractitionerMS] [           main] o.s.c.s.binder.DefaultBinderFactory      : Creating binder: consul
2025-07-04T13:27:03.380+10:00  INFO 17400 --- [PractitionerMS] [           main] o.s.c.s.binder.DefaultBinderFactory      : Constructing binder child context for consul
2025-07-04T13:27:03.475+10:00  INFO 17400 --- [PractitionerMS] [           main] o.s.c.s.binder.DefaultBinderFactory      : Caching the binder: consul
2025-07-04T13:27:03.500+10:00  INFO 17400 --- [PractitionerMS] [           main] o.s.c.c.b.ConsulInboundMessageProducer   : started org.springframework.cloud.consul.binder.ConsulInboundMessageProducer@3e17219
2025-07-04T13:27:03.584+10:00  INFO 17400 --- [PractitionerMS] [           main] c.d.P.PractitionerMsApplicationTests     : Started PractitionerMsApplicationTests in 15.398 seconds (process running for 17.761)
]]></system-out>
    <system-err><![CDATA[Loading class `com.mysql.jdbc.Driver'. This is deprecated. The new driver class is `com.mysql.cj.jdbc.Driver'. The driver is automatically registered via the SPI and manual loading of the driver class is generally unnecessary.
Mockito is currently self-attaching to enable the inline-mock-maker. This will no longer work in future releases of the JDK. Please add Mockito as an agent to your build what is described in Mockito's documentation: https://javadoc.io/doc/org.mockito/mockito-core/latest/org/mockito/Mockito.html#0.3
WARNING: A Java agent has been loaded dynamically (C:\Users\ramsn\.m2\repository\net\bytebuddy\byte-buddy-agent\1.15.11\byte-buddy-agent-1.15.11.jar)
WARNING: If a serviceability tool is in use, please run with -XX:+EnableDynamicAgentLoading to hide this warning
WARNING: If a serviceability tool is not in use, please run with -Djdk.instrument.traceUsage for more information
WARNING: Dynamic loading of agents will be disallowed by default in a future release
]]></system-err>
  </testcase>
</testsuite>