<?xml version="1.0" encoding="UTF-8"?>
<testsuite xmlns:xsi="http://www.w3.org/2001/XMLSchema-instance" xsi:noNamespaceSchemaLocation="https://maven.apache.org/surefire/maven-surefire-plugin/xsd/surefire-test-report.xsd" version="3.0.2" name="com.docappts.UserMS.UserMsApplicationTests" time="20.822" tests="1" errors="0" skipped="0" failures="0">
  <properties>
[...]
</properties>
  <testcase name="contextLoads" classname="com.docappts.UserMS.UserMsApplicationTests" time="1.067">
    <system-out><![CDATA[Standard Commons Logging discovery in action with spring-jcl: please remove commons-logging.jar from classpath in order to avoid potential conflicts
13:24:45.093 [main] INFO org.springframework.test.context.support.AnnotationConfigContextLoaderUtils -- Could not detect default configuration classes for test class [com.docappts.UserMS.UserMsApplicationTests]: UserMsApplicationTests does not declare any static, non-private, non-final, nested classes annotated with @Configuration.
13:24:45.381 [main] INFO org.springframework.boot.test.context.SpringBootTestContextBootstrapper -- Found @SpringBootConfiguration com.docappts.UserMS.UserMsApplication for test class com.docappts.UserMS.UserMsApplicationTests

  .   ____          _            __ _ _
 /\\ / ___'_ __ _ _(_)_ __  __ _ \ \ \ \
( ( )\___ | '_ | '_| | '_ \/ _` | \ \ \ \
 \\/  ___)| |_)| | | | | || (_| |  ) ) ) )
  '  |____| .__|_| |_|_| |_\__, | / / / /
 =========|_|==============|___/=/_/_/_/

 :: Spring Boot ::                (v3.4.3)

2025-07-04T13:24:50.100+10:00  INFO 10888 --- [UserMS] [           main] b.c.PropertySourceBootstrapConfiguration : Located property source: [BootstrapPropertySource {name='bootstrapProperties-config/config/UserMS/'}, BootstrapPropertySource {name='bootstrapProperties-config/application/'}]
2025-07-04T13:24:50.163+10:00  INFO 10888 --- [UserMS] [           main] c.d.UserMS.UserMsApplicationTests        : No active profile set, falling back to 1 default profile: "default"
2025-07-04T13:24:51.797+10:00  INFO 10888 --- [UserMS] [           main] .s.d.r.c.RepositoryConfigurationDelegate : Bootstrapping Spring Data JPA repositories in DEFAULT mode.
2025-07-04T13:24:52.305+10:00  INFO 10888 --- [UserMS] [           main] .s.d.r.c.RepositoryConfigurationDelegate : Finished Spring Data repository scanning in 461 ms. Found 4 JPA repository interfaces.
2025-07-04T13:24:53.066+10:00  INFO 10888 --- [UserMS] [           main] faultConfiguringBeanFactoryPostProcessor : No bean named 'errorChannel' has been explicitly defined. Therefore, a default PublishSubscribeChannel will be created.
2025-07-04T13:24:53.090+10:00  INFO 10888 --- [UserMS] [           main] faultConfiguringBeanFactoryPostProcessor : No bean named 'integrationHeaderChannelRegistry' has been explicitly defined. Therefore, a default DefaultHeaderChannelRegistry will be created.
2025-07-04T13:24:53.316+10:00  INFO 10888 --- [UserMS] [           main] o.s.cloud.context.scope.GenericScope     : BeanFactory id=32169197-8e81-3e77-a1f2-9af7b3b52547
2025-07-04T13:24:54.119+10:00  INFO 10888 --- [UserMS] [           main] o.hibernate.jpa.internal.util.LogHelper  : HHH000204: Processing PersistenceUnitInfo [name: default]
2025-07-04T13:24:54.325+10:00  INFO 10888 --- [UserMS] [           main] org.hibernate.Version                    : HHH000412: Hibernate ORM core version 6.6.8.Final
2025-07-04T13:24:54.470+10:00  INFO 10888 --- [UserMS] [           main] o.h.c.internal.RegionFactoryInitiator    : HHH000026: Second-level cache disabled
2025-07-04T13:24:55.038+10:00  INFO 10888 --- [UserMS] [           main] o.s.o.j.p.SpringPersistenceUnitInfo      : No LoadTimeWeaver setup: ignoring JPA class transformer
2025-07-04T13:24:55.160+10:00  INFO 10888 --- [UserMS] [           main] com.zaxxer.hikari.HikariDataSource       : HikariPool-1 - Starting...
2025-07-04T13:24:55.178+10:00  WARN 10888 --- [UserMS] [           main] c.zaxxer.hikari.util.DriverDataSource    : Registered driver with driverClassName=com.mysql.jdbc.Driver was not found, trying direct instantiation.
2025-07-04T13:24:55.790+10:00  INFO 10888 --- [UserMS] [           main] com.zaxxer.hikari.pool.HikariPool        : HikariPool-1 - Added connection com.mysql.cj.jdbc.ConnectionImpl@5671078e
2025-07-04T13:24:55.790+10:00  INFO 10888 --- [UserMS] [           main] com.zaxxer.hikari.HikariDataSource       : HikariPool-1 - Start completed.
2025-07-04T13:24:56.005+10:00  INFO 10888 --- [UserMS] [           main] org.hibernate.orm.connections.pooling    : HHH10001005: Database info:
	Database JDBC URL [Connecting through datasource 'HikariDataSource (HikariPool-1)']
	Database driver: undefined/unknown
	Database version: 8.0.34
	Autocommit mode: undefined/unknown
	Isolation level: undefined/unknown
	Minimum pool size: undefined/unknown
	Maximum pool size: undefined/unknown
2025-07-04T13:24:57.760+10:00  INFO 10888 --- [UserMS] [           main] o.h.e.t.j.p.i.JtaPlatformInitiator       : HHH000489: No JTA platform available (set 'hibernate.transaction.jta.platform' to enable JTA platform integration)
2025-07-04T13:24:57.887+10:00  INFO 10888 --- [UserMS] [           main] j.LocalContainerEntityManagerFactoryBean : Initialized JPA EntityManagerFactory for persistence unit 'default'
2025-07-04T13:24:59.000+10:00  WARN 10888 --- [UserMS] [           main] JpaBaseConfiguration$JpaWebConfiguration : spring.jpa.open-in-view is enabled by default. Therefore, database queries may be performed during view rendering. Explicitly configure spring.jpa.open-in-view to disable this warning
2025-07-04T13:24:59.081+10:00  WARN 10888 --- [UserMS] [           main] .s.s.UserDetailsServiceAutoConfiguration : 

Using generated security password: 8d26cd76-7a29-44ff-9e23-09ef989da089

This generated password is for development use only. Your security configuration must be updated before running your application in production.

2025-07-04T13:24:59.124+10:00  INFO 10888 --- [UserMS] [           main] r$InitializeUserDetailsManagerConfigurer : Global AuthenticationManager configured with UserDetailsService bean with name inMemoryUserDetailsManager
2025-07-04T13:25:00.415+10:00  INFO 10888 --- [UserMS] [           main] o.s.s.w.a.c.ChannelProcessingFilter      : Validated configuration attributes
2025-07-04T13:25:02.708+10:00  WARN 10888 --- [UserMS] [           main] iguration$LoadBalancerCaffeineWarnLogger : Spring Cloud LoadBalancer is currently working with the default cache. While this cache implementation is useful for development and tests, it's recommended to use Caffeine cache in production.You can switch to using Caffeine cache, by adding it and org.springframework.cache.caffeine.CaffeineCacheManager to the classpath.
2025-07-04T13:25:03.957+10:00  INFO 10888 --- [UserMS] [           main] o.s.c.s.m.DirectWithAttributesChannel    : Channel 'UserMS-1.springCloudBusInput' has 1 subscriber(s).
2025-07-04T13:25:04.133+10:00  INFO 10888 --- [UserMS] [           main] o.s.i.endpoint.EventDrivenConsumer       : Adding {logging-channel-adapter:_org.springframework.integration.errorLogger} as a subscriber to the 'errorChannel' channel
2025-07-04T13:25:04.133+10:00  INFO 10888 --- [UserMS] [           main] o.s.i.channel.PublishSubscribeChannel    : Channel 'UserMS-1.errorChannel' has 1 subscriber(s).
2025-07-04T13:25:04.133+10:00  INFO 10888 --- [UserMS] [           main] o.s.i.endpoint.EventDrivenConsumer       : started bean '_org.springframework.integration.errorLogger'
2025-07-04T13:25:04.151+10:00  INFO 10888 --- [UserMS] [           main] o.s.c.s.binder.DefaultBinderFactory      : Creating binder: consul
2025-07-04T13:25:04.151+10:00  INFO 10888 --- [UserMS] [           main] o.s.c.s.binder.DefaultBinderFactory      : Constructing binder child context for consul
2025-07-04T13:25:04.197+10:00  INFO 10888 --- [UserMS] [           main] o.s.c.s.binder.DefaultBinderFactory      : Caching the binder: consul
2025-07-04T13:25:04.201+10:00  INFO 10888 --- [UserMS] [           main] o.s.c.c.b.ConsulInboundMessageProducer   : started org.springframework.cloud.consul.binder.ConsulInboundMessageProducer@75351aec
2025-07-04T13:25:04.230+10:00  INFO 10888 --- [UserMS] [           main] c.d.UserMS.UserMsApplicationTests        : Started UserMsApplicationTests in 18.114 seconds (process running for 20.675)
]]></system-out>
    <system-err><![CDATA[Loading class `com.mysql.jdbc.Driver'. This is deprecated. The new driver class is `com.mysql.cj.jdbc.Driver'. The driver is automatically registered via the SPI and manual loading of the driver class is generally unnecessary.
Mockito is currently self-attaching to enable the inline-mock-maker. This will no longer work in future releases of the JDK. Please add Mockito as an agent to your build what is described in Mockito's documentation: https://javadoc.io/doc/org.mockito/mockito-core/latest/org/mockito/Mockito.html#0.3
WARNING: A Java agent has been loaded dynamically (C:\Users\ramsn\.m2\repository\net\bytebuddy\byte-buddy-agent\1.15.11\byte-buddy-agent-1.15.11.jar)
WARNING: If a serviceability tool is in use, please run with -XX:+EnableDynamicAgentLoading to hide this warning
WARNING: If a serviceability tool is not in use, please run with -Djdk.instrument.traceUsage for more information
WARNING: Dynamic loading of agents will be disallowed by default in a future release
]]></system-err>
  </testcase>
</testsuite>